New plate created.
Picture: Pa140046.jpg
Image converted to grayscale
2 potential regions with plates found.
Image converted to grayscale
100 contours found.
8 possible chars found on the plate.
Removed overlaped contorus.
Sorted characters by position.
7 char objects contained.
7 char images contained.
7 plate characters found
Image fully processed.
Plate number found: Z698076
-------------------------------------------
New plate created.
Picture: Pa140042.jpg
Image converted to grayscale
2 potential regions with plates found.
Image converted to grayscale
66 contours found.
7 possible chars found on the plate.
Removed overlaped contorus.
Sorted characters by position.
7 char objects contained.
7 char images contained.
7 plate characters found
Image fully processed.
Plate number found: VO467CL
-------------------------------------------
New plate created.
Picture: Pa140014.jpg
Image converted to grayscale
0 potential regions with plates found.
Image fully processed.
Plate number found: None
-------------------------------------------
New plate created.
Picture: Pa140012.jpg
Image converted to grayscale
1 potential regions with plates found.
Image fully processed.
Plate number found: None
-------------------------------------------
New plate created.
Picture: P1010001.jpg
Image converted to grayscale
1 potential regions with plates found.
Image fully processed.
Plate number found: None
-------------------------------------------
New plate created.
Picture: P1010003.jpg
Image converted to grayscale
2 potential regions with plates found.
Image converted to grayscale
18 contours found.
8 possible chars found on the plate.
Removed overlaped contorus.
Sorted characters by position.
8 char objects contained.
8 char images contained.
8 plate characters found
Image fully processed.
Plate number found: 819KX815
-------------------------------------------
New plate created.
Picture: P1010001.jpg
Image converted to grayscale
130 potential regions with plates found.
Image converted to grayscale
26 contours found.
8 possible chars found on the plate.
Removed overlaped contorus.
Sorted characters by position.
8 char objects contained.
8 char images contained.
8 plate characters found
Image fully processed.
Plate number found: 171NVX7S
-------------------------------------------
New plate created.
Picture: P1010003.jpg
Image converted to grayscale
151 potential regions with plates found.
Image converted to grayscale
18 contours found.
8 possible chars found on the plate.
Removed overlaped contorus.
Sorted characters by position.
8 char objects contained.
8 char images contained.
8 plate characters found
Image fully processed.
Plate number found: 819KXH75
-------------------------------------------
